<?xml version="1.0" encoding="UTF-8"?>
<testsuite xmlns:xsi="http://www.w3.org/2001/XMLSchema-instance" xsi:noNamespaceSchemaLocation="https://maven.apache.org/surefire/maven-surefire-plugin/xsd/surefire-test-report.xsd" name="TestCucumber" time="0.721" tests="48" errors="0" skipped="39" failures="0">
  <properties>
[...]
</properties>
  <testcase name="When I submit a new measurement as follows:(Scenario: Add a measurement with valid " classname="numeric) values" time="0">
    <skipped/>
    <system-out><![CDATA[21:17:44.583 [main] DEBUG org.springframework.beans.factory.support.DefaultListableBeanFactory - Registering scope 'cucumber-glue' with implementation [cucumber.runtime.java.spring.GlueCodeScope@f0e995e]
]]></system-out>
  </testcase>
  <testcase name="Then the response has a status code of 201(Scenario: Add a measurement with valid " classname="numeric) values" time="0">
    <skipped/>
  </testcase>
  <testcase name="And the Location header has the path &quot;/measurements/2015-09-01T16:00:00.000Z&quot;(Scenario: Add a measurement with valid " classname="numeric) values" time="0">
    <skipped/>
  </testcase>
  <testcase name="Scenario: Add a measurement with valid " classname="Scenario: Add a measurement with valid (numeric) values" time="0">
    <skipped/>
  </testcase>
  <testcase name="Scenario: Add a measurement with valid " classname="Scenario: Add a measurement with valid (numeric) values" time="0.181"/>
  <testcase name="When I submit a new measurement as follows:" classname="Scenario: Cannot add a measurement with invalid values" time="0">
    <skipped/>
  </testcase>
  <testcase name="Then the response has a status code of 400" classname="Scenario: Cannot add a measurement with invalid values" time="0">
    <skipped/>
  </testcase>
  <testcase name="Scenario: Cannot add a measurement with invalid values" classname="Scenario: Cannot add a measurement with invalid values" time="0">
    <skipped/>
  </testcase>
  <testcase name="Scenario: Cannot add a measurement with invalid values" classname="Scenario: Cannot add a measurement with invalid values" time="0"/>
  <testcase name="When I submit a new measurement as follows:" classname="Scenario: Cannot add a measurement without a timestamp" time="0">
    <skipped/>
  </testcase>
  <testcase name="Then the response has a status code of 400" classname="Scenario: Cannot add a measurement without a timestamp" time="0">
    <skipped/>
  </testcase>
  <testcase name="Scenario: Cannot add a measurement without a timestamp" classname="Scenario: Cannot add a measurement without a timestamp" time="0">
    <skipped/>
  </testcase>
  <testcase name="Scenario: Cannot add a measurement without a timestamp" classname="Scenario: Cannot add a measurement without a timestamp" time="0.001"/>
  <testcase name="Given I have submitted new measurements as follows:" classname="Scenario: Get a specific measurement" time="0">
    <skipped/>
  </testcase>
  <testcase name="When I get a measurement for &quot;2015-09-01T16:20:00.000Z&quot;" classname="Scenario: Get a specific measurement" time="0">
    <skipped/>
  </testcase>
  <testcase name="Then the response has a status code of 200" classname="Scenario: Get a specific measurement" time="0">
    <skipped/>
  </testcase>
  <testcase name="And the response body is:" classname="Scenario: Get a specific measurement" time="0">
    <skipped/>
  </testcase>
  <testcase name="Scenario: Get a specific measurement" classname="Scenario: Get a specific measurement" time="0">
    <skipped/>
  </testcase>
  <testcase name="Scenario: Get a specific measurement" classname="Scenario: Get a specific measurement" time="0.001"/>
  <testcase name="Given I have submitted new measurements as follows:" classname="Scenario: Get a measurement that does not exist" time="0">
    <skipped/>
  </testcase>
  <testcase name="When I get a measurement for &quot;2015-09-01T16:50:00.000Z&quot;" classname="Scenario: Get a measurement that does not exist" time="0">
    <skipped/>
  </testcase>
  <testcase name="Then the response has a status code of 404" classname="Scenario: Get a measurement that does not exist" time="0">
    <skipped/>
  </testcase>
  <testcase name="Scenario: Get a measurement that does not exist" classname="Scenario: Get a measurement that does not exist" time="0">
    <skipped/>
  </testcase>
  <testcase name="Scenario: Get a measurement that does not exist" classname="Scenario: Get a measurement that does not exist" time="0.002"/>
  <testcase name="Given I have submitted new measurements as follows:" classname="Scenario: Get stats for a well-reported metric" time="0">
    <skipped/>
  </testcase>
  <testcase name="When I get stats with parameters:" classname="Scenario: Get stats for a well-reported metric" time="0">
    <skipped/>
  </testcase>
  <testcase name="Then the response has a status code of 200" classname="Scenario: Get stats for a well-reported metric" time="0">
    <skipped/>
  </testcase>
  <testcase name="And the response body is an array of:" classname="Scenario: Get stats for a well-reported metric" time="0">
    <skipped/>
  </testcase>
  <testcase name="Scenario: Get stats for a well-reported metric" classname="Scenario: Get stats for a well-reported metric" time="0">
    <skipped/>
  </testcase>
  <testcase name="Scenario: Get stats for a well-reported metric" classname="Scenario: Get stats for a well-reported metric" time="0.002"/>
  <testcase name="Given I have submitted new measurements as follows:" classname="Scenario: Get stats for a sparsely reported metric" time="0">
    <skipped/>
  </testcase>
  <testcase name="When I get stats with parameters:" classname="Scenario: Get stats for a sparsely reported metric" time="0">
    <skipped/>
  </testcase>
  <testcase name="Then the response has a status code of 200" classname="Scenario: Get stats for a sparsely reported metric" time="0">
    <skipped/>
  </testcase>
  <testcase name="And the response body is an array of:" classname="Scenario: Get stats for a sparsely reported metric" time="0">
    <skipped/>
  </testcase>
  <testcase name="Scenario: Get stats for a sparsely reported metric" classname="Scenario: Get stats for a sparsely reported metric" time="0">
    <skipped/>
  </testcase>
  <testcase name="Scenario: Get stats for a sparsely reported metric" classname="Scenario: Get stats for a sparsely reported metric" time="0.001"/>
  <testcase name="Given I have submitted new measurements as follows:" classname="Scenario: Get stats for a metric that has never been reported" time="0">
    <skipped/>
  </testcase>
  <testcase name="When I get stats with parameters:" classname="Scenario: Get stats for a metric that has never been reported" time="0">
    <skipped/>
  </testcase>
  <testcase name="Then the response has a status code of 200" classname="Scenario: Get stats for a metric that has never been reported" time="0">
    <skipped/>
  </testcase>
  <testcase name="And the response body is an empty array" classname="Scenario: Get stats for a metric that has never been reported" time="0">
    <skipped/>
  </testcase>
  <testcase name="Scenario: Get stats for a metric that has never been reported" classname="Scenario: Get stats for a metric that has never been reported" time="0">
    <skipped/>
  </testcase>
  <testcase name="Scenario: Get stats for a metric that has never been reported" classname="Scenario: Get stats for a metric that has never been reported" time="0.001"/>
  <testcase name="Given I have submitted new measurements as follows:" classname="Scenario: Get stats for more than one metric" time="0">
    <skipped/>
  </testcase>
  <testcase name="When I get stats with parameters:" classname="Scenario: Get stats for more than one metric" time="0">
    <skipped/>
  </testcase>
  <testcase name="Then the response has a status code of 200" classname="Scenario: Get stats for more than one metric" time="0">
    <skipped/>
  </testcase>
  <testcase name="And the response body is an array of:" classname="Scenario: Get stats for more than one metric" time="0">
    <skipped/>
  </testcase>
  <testcase name="Scenario: Get stats for more than one metric" classname="Scenario: Get stats for more than one metric" time="0">
    <skipped/>
  </testcase>
  <testcase name="Scenario: Get stats for more than one metric" classname="Scenario: Get stats for more than one metric" time="0.001"/>
</testsuite>